[debug] [2022-06-19T08:35:06.122Z] ----------------------------------------------------------------------
[debug] [2022-06-19T08:35:06.126Z] Command:       C:\Program Files\nodejs\node.exe C:\Users\Soumya\AppData\Roaming\npm\node_modules\firebase-tools\lib\bin\firebase.js emulators:start
[debug] [2022-06-19T08:35:06.127Z] CLI Version:   11.1.0
[debug] [2022-06-19T08:35:06.127Z] Platform:      win32
[debug] [2022-06-19T08:35:06.128Z] Node Version:  v16.13.2
[debug] [2022-06-19T08:35:06.129Z] Time:          Sun Jun 19 2022 14:05:06 GMT+0530 (India Standard Time)
[debug] [2022-06-19T08:35:06.130Z] ----------------------------------------------------------------------
[debug] 
[debug] [2022-06-19T08:35:06.253Z] > command requires scopes: ["email","openid","https://www.googleapis.com/auth/cloudplatformprojects.readonly","https://www.googleapis.com/auth/firebase","https://www.googleapis.com/auth/cloud-platform"]
[debug] [2022-06-19T08:35:06.254Z] > authorizing via signed-in user (subhasoumya20@gmail.com)
[info] i  emulators: Starting emulators: functions, hosting {"metadata":{"emulator":{"name":"hub"},"message":"Starting emulators: functions, hosting"}}
[debug] [2022-06-19T08:35:06.397Z] [hub] writing locator at C:\Users\Soumya\AppData\Local\Temp\hub-clone-1373d.json
[warn] !  functions: The following emulators are not running, calls to these services from the Functions emulator will affect production: auth, firestore, database, pubsub, storage {"metadata":{"emulator":{"name":"functions"},"message":"The following emulators are not running, calls to these services from the Functions emulator will affect production: \u001b[1mauth, firestore, database, pubsub, storage\u001b[22m"}}
[info] +  functions: Using node@16 from host. {"metadata":{"emulator":{"name":"functions"},"message":"Using node@16 from host."}}
[debug] [2022-06-19T08:35:06.452Z] defaultcredentials: writing to file C:\Users\Soumya\AppData\Roaming\firebase\subhasoumya20_gmail_com_application_default_credentials.json
[debug] [2022-06-19T08:35:06.457Z] Setting GAC to C:\Users\Soumya\AppData\Roaming\firebase\subhasoumya20_gmail_com_application_default_credentials.json {"metadata":{"emulator":{"name":"functions"},"message":"Setting GAC to C:\\Users\\Soumya\\AppData\\Roaming\\firebase\\subhasoumya20_gmail_com_application_default_credentials.json"}}
[debug] [2022-06-19T08:35:06.461Z] >>> [apiv2][query] GET https://firebase.googleapis.com/v1beta1/projects/clone-1373d/adminSdkConfig [none]
[debug] [2022-06-19T08:35:07.355Z] <<< [apiv2][status] GET https://firebase.googleapis.com/v1beta1/projects/clone-1373d/adminSdkConfig 200
[debug] [2022-06-19T08:35:07.357Z] <<< [apiv2][body] GET https://firebase.googleapis.com/v1beta1/projects/clone-1373d/adminSdkConfig {"projectId":"clone-1373d","storageBucket":"clone-1373d.appspot.com","locationId":"asia-east2"}
[debug] [2022-06-19T08:35:07.405Z] >>> [apiv2][query] GET https://firebasehosting.googleapis.com/v1beta1/projects/clone-1373d/sites 
[debug] [2022-06-19T08:35:09.495Z] <<< [apiv2][status] GET https://firebasehosting.googleapis.com/v1beta1/projects/clone-1373d/sites 200
[debug] [2022-06-19T08:35:09.496Z] <<< [apiv2][body] GET https://firebasehosting.googleapis.com/v1beta1/projects/clone-1373d/sites {"sites":[{"name":"projects/clone-1373d/sites/clone-1373d","defaultUrl":"https://clone-1373d.web.app","appId":"1:678911059930:web:3c58af4600952b734c42e3","type":"DEFAULT_SITE"}]}
[debug] [2022-06-19T08:35:09.497Z] >>> [apiv2][query] GET https://firebase.googleapis.com/v1beta1/projects/clone-1373d/webApps/1:678911059930:web:3c58af4600952b734c42e3/config [none]
[debug] [2022-06-19T08:35:11.061Z] <<< [apiv2][status] GET https://firebase.googleapis.com/v1beta1/projects/clone-1373d/webApps/1:678911059930:web:3c58af4600952b734c42e3/config 200
[debug] [2022-06-19T08:35:11.061Z] <<< [apiv2][body] GET https://firebase.googleapis.com/v1beta1/projects/clone-1373d/webApps/1:678911059930:web:3c58af4600952b734c42e3/config {"projectId":"clone-1373d","appId":"1:678911059930:web:3c58af4600952b734c42e3","storageBucket":"clone-1373d.appspot.com","locationId":"asia-east2","apiKey":"AIzaSyD_b1Ckmq3b5-0_s1-1oYiMWUX6e196WoQ","authDomain":"clone-1373d.firebaseapp.com","messagingSenderId":"678911059930","measurementId":"G-4TJQC1PHT7"}
[info] i  hosting: Serving hosting files from: build {"metadata":{"emulator":{"name":"hosting"},"message":"Serving hosting files from: \u001b[1mbuild\u001b[22m"}}
[info] +  hosting: Local server: http://localhost:5000 {"metadata":{"emulator":{"name":"hosting"},"message":"Local server: \u001b[4m\u001b[1mhttp://localhost:5000\u001b[22m\u001b[24m"}}
[info] i  ui: downloading ui-v1.7.0.zip... {"metadata":{"emulator":{"name":"ui"},"message":"downloading ui-v1.7.0.zip..."}}
[debug] [2022-06-19T08:35:11.153Z] >>> [apiv2][query] GET https://storage.googleapis.com/firebase-preview-drop/emulator/ui-v1.7.0.zip 
[debug] [2022-06-19T08:35:11.643Z] <<< [apiv2][status] GET https://storage.googleapis.com/firebase-preview-drop/emulator/ui-v1.7.0.zip 200
[debug] [2022-06-19T08:35:11.643Z] <<< [apiv2][body] GET https://storage.googleapis.com/firebase-preview-drop/emulator/ui-v1.7.0.zip [stream]
[debug] [2022-06-19T08:35:13.476Z] Ignoring unsupported arg: auto_download {"metadata":{"emulator":{"name":"ui"},"message":"Ignoring unsupported arg: auto_download"}}
[debug] [2022-06-19T08:35:13.476Z] Ignoring unsupported arg: port {"metadata":{"emulator":{"name":"ui"},"message":"Ignoring unsupported arg: port"}}
[debug] [2022-06-19T08:35:13.476Z] Starting Emulator UI with command {"binary":"node","args":["--dns-result-order=ipv4first","C:\\Users\\Soumya\\.cache\\firebase\\emulators\\ui-v1.7.0\\server.bundle.js"],"optionalArgs":[],"joinArgs":false} {"metadata":{"emulator":{"name":"ui"},"message":"Starting Emulator UI with command {\"binary\":\"node\",\"args\":[\"--dns-result-order=ipv4first\",\"C:\\\\Users\\\\Soumya\\\\.cache\\\\firebase\\\\emulators\\\\ui-v1.7.0\\\\server.bundle.js\"],\"optionalArgs\":[],\"joinArgs\":false}"}}
[info] i  ui: Emulator UI logging to ui-debug.log {"metadata":{"emulator":{"name":"ui"},"message":"Emulator UI logging to \u001b[1mui-debug.log\u001b[22m"}}
[debug] [2022-06-19T08:35:13.766Z] Web / API server started at localhost:4000
 {"metadata":{"emulator":{"name":"ui"},"message":"Web / API server started at localhost:4000\n"}}
[info] i  functions: Watching "D:\React\Project\amazon-clone\functions" for Cloud Functions... {"metadata":{"emulator":{"name":"functions"},"message":"Watching \"D:\\React\\Project\\amazon-clone\\functions\" for Cloud Functions..."}}
[debug] [2022-06-19T08:35:14.065Z] Validating nodejs source
[debug] [2022-06-19T08:35:19.994Z] > [functions] package.json contents: {
  "name": "functions",
  "description": "Cloud Functions for Firebase",
  "scripts": {
    "lint": "eslint .",
    "serve": "firebase emulators:start --only functions",
    "shell": "firebase functions:shell",
    "start": "npm run shell",
    "deploy": "firebase deploy --only functions",
    "logs": "firebase functions:log"
  },
  "engines": {
    "node": "16"
  },
  "main": "index.js",
  "dependencies": {
    "cors": "^2.8.5",
    "express": "^4.18.1",
    "firebase-admin": "^10.0.2",
    "firebase-functions": "^3.18.0",
    "stripe": "^9.9.0"
  },
  "devDependencies": {
    "eslint": "^8.9.0",
    "eslint-config-google": "^0.14.0",
    "firebase-functions-test": "^0.2.0"
  },
  "private": true
}
[debug] [2022-06-19T08:35:19.995Z] Building nodejs source
[debug] [2022-06-19T08:35:19.995Z] Analyzing nodejs backend spec
[debug] [2022-06-19T08:35:19.998Z] Could not find functions.yaml. Must use http discovery
[debug] [2022-06-19T08:35:20.565Z] Serving at port 9005

[debug] [2022-06-19T08:35:20.803Z] Got response from /__/functions.yaml {"endpoints":{"api":{"platform":"gcfv1","httpsTrigger":{},"entryPoint":"api"}},"specVersion":"v1alpha1","requiredAPIs":[]}
[debug] [2022-06-19T08:35:20.815Z] shutdown requested via /__/quitquitquit

[info] +  functions[us-central1-api]: http function initialized (http://localhost:5001/clone-1373d/us-central1/api). {"metadata":{"emulator":{"name":"functions"},"message":"\u001b[1mhttp\u001b[22m function initialized (http://localhost:5001/clone-1373d/us-central1/api)."}}
[info] 
┌─────────────────────────────────────────────────────────────┐
│ ✔  All emulators ready! It is now safe to connect your app. │
│ i  View Emulator UI at http://localhost:4000                │
└─────────────────────────────────────────────────────────────┘

┌───────────┬────────────────┬─────────────────────────────────┐
│ Emulator  │ Host:Port      │ View in Emulator UI             │
├───────────┼────────────────┼─────────────────────────────────┤
│ Functions │ localhost:5001 │ http://localhost:4000/functions │
├───────────┼────────────────┼─────────────────────────────────┤
│ Hosting   │ localhost:5000 │ n/a                             │
└───────────┴────────────────┴─────────────────────────────────┘
  Emulator Hub running at localhost:4400
  Other reserved ports: 4500

Issues? Report them at https://github.com/firebase/firebase-tools/issues and attach the *-debug.log files.
 
[debug] [2022-06-19T08:35:57.632Z] [work-queue] {"queueLength":1,"workRunningCount":0}
[debug] [2022-06-19T08:35:57.633Z] [work-queue] {"queueLength":0,"workRunningCount":1}
[debug] [2022-06-19T08:35:57.635Z] Accepted request POST /clone-1373d/us-central1/api/payments/create?total=2945 --> us-central1-api
[debug] [2022-06-19T08:35:57.662Z] [worker-pool] addWorker(us-central1-api) {"metadata":{"emulator":{"name":"functions"},"message":"[worker-pool] addWorker(us-central1-api)"}}
[debug] [2022-06-19T08:35:57.663Z] [worker-pool] Adding worker with key us-central1-api, total=1 {"metadata":{"emulator":{"name":"functions"},"message":"[worker-pool] Adding worker with key us-central1-api, total=1"}}
[debug] [2022-06-19T08:35:57.663Z] [worker-pool] submitWork(triggerId=us-central1-api) {"metadata":{"emulator":{"name":"functions"},"message":"[worker-pool] submitWork(triggerId=us-central1-api)"}}
[debug] [2022-06-19T08:35:57.664Z] [worker-us-central1-api-23d94b33-3671-4982-a6df-0578bb175bb2]: Assigning socketPath: \\?\pipe\D:\React\Project\amazon-clone\functions\632 {"metadata":{"emulator":{"name":"functions"},"message":"[worker-us-central1-api-23d94b33-3671-4982-a6df-0578bb175bb2]: Assigning socketPath: \\\\?\\pipe\\D:\\React\\Project\\amazon-clone\\functions\\632"}}
[debug] [2022-06-19T08:35:57.666Z] [worker-us-central1-api-23d94b33-3671-4982-a6df-0578bb175bb2]: BUSY {"metadata":{"emulator":{"name":"functions"},"message":"[worker-us-central1-api-23d94b33-3671-4982-a6df-0578bb175bb2]: BUSY"}}
[debug] [2022-06-19T08:35:57.671Z] [work-queue] {"queueLength":1,"workRunningCount":1}
[debug] [2022-06-19T08:35:57.672Z] [work-queue] {"queueLength":0,"workRunningCount":2}
[debug] [2022-06-19T08:35:57.672Z] Accepted request POST /clone-1373d/us-central1/api/payments/create?total=2945 --> us-central1-api
[debug] [2022-06-19T08:35:57.685Z] [worker-pool] addWorker(us-central1-api) {"metadata":{"emulator":{"name":"functions"},"message":"[worker-pool] addWorker(us-central1-api)"}}
[debug] [2022-06-19T08:35:57.685Z] [worker-pool] Adding worker with key us-central1-api, total=2 {"metadata":{"emulator":{"name":"functions"},"message":"[worker-pool] Adding worker with key us-central1-api, total=2"}}
[debug] [2022-06-19T08:35:57.685Z] [worker-pool] submitWork(triggerId=us-central1-api) {"metadata":{"emulator":{"name":"functions"},"message":"[worker-pool] submitWork(triggerId=us-central1-api)"}}
[debug] [2022-06-19T08:35:57.686Z] [worker-us-central1-api-227a846f-5ec3-42b4-bdc9-19ec5b945064]: Assigning socketPath: \\?\pipe\D:\React\Project\amazon-clone\functions\7700 {"metadata":{"emulator":{"name":"functions"},"message":"[worker-us-central1-api-227a846f-5ec3-42b4-bdc9-19ec5b945064]: Assigning socketPath: \\\\?\\pipe\\D:\\React\\Project\\amazon-clone\\functions\\7700"}}
[debug] [2022-06-19T08:35:57.686Z] [worker-us-central1-api-227a846f-5ec3-42b4-bdc9-19ec5b945064]: BUSY {"metadata":{"emulator":{"name":"functions"},"message":"[worker-us-central1-api-227a846f-5ec3-42b4-bdc9-19ec5b945064]: BUSY"}}
[debug] [2022-06-19T08:36:00.906Z] [runtime-status] [632] Functions runtime initialized. {"cwd":"D:\\React\\Project\\amazon-clone\\functions","node_version":"16.13.2"} {"metadata":{"emulator":{"name":"functions"},"function":{"name":"us-central1-api"},"extension":{},"message":"[runtime-status] [632] Functions runtime initialized. {\"cwd\":\"D:\\\\React\\\\Project\\\\amazon-clone\\\\functions\",\"node_version\":\"16.13.2\"}"}}
[debug] [2022-06-19T08:36:00.907Z] [runtime-status] [7700] Functions runtime initialized. {"cwd":"D:\\React\\Project\\amazon-clone\\functions","node_version":"16.13.2"} {"metadata":{"emulator":{"name":"functions"},"function":{"name":"us-central1-api"},"extension":{},"message":"[runtime-status] [7700] Functions runtime initialized. {\"cwd\":\"D:\\\\React\\\\Project\\\\amazon-clone\\\\functions\",\"node_version\":\"16.13.2\"}"}}
[debug] [2022-06-19T08:36:00.908Z] [runtime-status] [7700] Disabled runtime features: undefined {"metadata":{"emulator":{"name":"functions"},"function":{"name":"us-central1-api"},"extension":{},"message":"[runtime-status] [7700] Disabled runtime features: undefined"}}
[debug] [2022-06-19T08:36:00.909Z] [runtime-status] [632] Disabled runtime features: undefined {"metadata":{"emulator":{"name":"functions"},"function":{"name":"us-central1-api"},"extension":{},"message":"[runtime-status] [632] Disabled runtime features: undefined"}}
[debug] [2022-06-19T08:36:00.918Z] [runtime-status] [7700] Resolved module firebase-admin {"declared":true,"installed":true,"version":"10.3.0","resolution":"D:\\React\\Project\\amazon-clone\\functions\\node_modules\\firebase-admin\\lib\\index.js"} {"metadata":{"emulator":{"name":"functions"},"function":{"name":"us-central1-api"},"extension":{},"message":"[runtime-status] [7700] Resolved module firebase-admin {\"declared\":true,\"installed\":true,\"version\":\"10.3.0\",\"resolution\":\"D:\\\\React\\\\Project\\\\amazon-clone\\\\functions\\\\node_modules\\\\firebase-admin\\\\lib\\\\index.js\"}"}}
[debug] [2022-06-19T08:36:00.919Z] [runtime-status] [632] Resolved module firebase-admin {"declared":true,"installed":true,"version":"10.3.0","resolution":"D:\\React\\Project\\amazon-clone\\functions\\node_modules\\firebase-admin\\lib\\index.js"} {"metadata":{"emulator":{"name":"functions"},"function":{"name":"us-central1-api"},"extension":{},"message":"[runtime-status] [632] Resolved module firebase-admin {\"declared\":true,\"installed\":true,\"version\":\"10.3.0\",\"resolution\":\"D:\\\\React\\\\Project\\\\amazon-clone\\\\functions\\\\node_modules\\\\firebase-admin\\\\lib\\\\index.js\"}"}}
[debug] [2022-06-19T08:36:00.922Z] [runtime-status] [7700] Resolved module firebase-functions {"declared":true,"installed":true,"version":"3.21.2","resolution":"D:\\React\\Project\\amazon-clone\\functions\\node_modules\\firebase-functions\\lib\\index.js"} {"metadata":{"emulator":{"name":"functions"},"function":{"name":"us-central1-api"},"extension":{},"message":"[runtime-status] [7700] Resolved module firebase-functions {\"declared\":true,\"installed\":true,\"version\":\"3.21.2\",\"resolution\":\"D:\\\\React\\\\Project\\\\amazon-clone\\\\functions\\\\node_modules\\\\firebase-functions\\\\lib\\\\index.js\"}"}}
[debug] [2022-06-19T08:36:00.923Z] [runtime-status] [632] Resolved module firebase-functions {"declared":true,"installed":true,"version":"3.21.2","resolution":"D:\\React\\Project\\amazon-clone\\functions\\node_modules\\firebase-functions\\lib\\index.js"} {"metadata":{"emulator":{"name":"functions"},"function":{"name":"us-central1-api"},"extension":{},"message":"[runtime-status] [632] Resolved module firebase-functions {\"declared\":true,\"installed\":true,\"version\":\"3.21.2\",\"resolution\":\"D:\\\\React\\\\Project\\\\amazon-clone\\\\functions\\\\node_modules\\\\firebase-functions\\\\lib\\\\index.js\"}"}}
[debug] [2022-06-19T08:36:00.924Z] [runtime-status] [7700] Outgoing network have been stubbed. [{"name":"http","status":"mocked"},{"name":"http","status":"mocked"},{"name":"https","status":"mocked"},{"name":"https","status":"mocked"},{"name":"net","status":"mocked"}] {"metadata":{"emulator":{"name":"functions"},"function":{"name":"us-central1-api"},"extension":{},"message":"[runtime-status] [7700] Outgoing network have been stubbed. [{\"name\":\"http\",\"status\":\"mocked\"},{\"name\":\"http\",\"status\":\"mocked\"},{\"name\":\"https\",\"status\":\"mocked\"},{\"name\":\"https\",\"status\":\"mocked\"},{\"name\":\"net\",\"status\":\"mocked\"}]"}}
[debug] [2022-06-19T08:36:00.925Z] [runtime-status] [632] Outgoing network have been stubbed. [{"name":"http","status":"mocked"},{"name":"http","status":"mocked"},{"name":"https","status":"mocked"},{"name":"https","status":"mocked"},{"name":"net","status":"mocked"}] {"metadata":{"emulator":{"name":"functions"},"function":{"name":"us-central1-api"},"extension":{},"message":"[runtime-status] [632] Outgoing network have been stubbed. [{\"name\":\"http\",\"status\":\"mocked\"},{\"name\":\"http\",\"status\":\"mocked\"},{\"name\":\"https\",\"status\":\"mocked\"},{\"name\":\"https\",\"status\":\"mocked\"},{\"name\":\"net\",\"status\":\"mocked\"}]"}}
[debug] [2022-06-19T08:36:00.926Z] [runtime-status] [632] Resolved module firebase-functions {"declared":true,"installed":true,"version":"3.21.2","resolution":"D:\\React\\Project\\amazon-clone\\functions\\node_modules\\firebase-functions\\lib\\index.js"} {"metadata":{"emulator":{"name":"functions"},"function":{"name":"us-central1-api"},"extension":{},"message":"[runtime-status] [632] Resolved module firebase-functions {\"declared\":true,\"installed\":true,\"version\":\"3.21.2\",\"resolution\":\"D:\\\\React\\\\Project\\\\amazon-clone\\\\functions\\\\node_modules\\\\firebase-functions\\\\lib\\\\index.js\"}"}}
[debug] [2022-06-19T08:36:00.926Z] [runtime-status] [7700] Resolved module firebase-functions {"declared":true,"installed":true,"version":"3.21.2","resolution":"D:\\React\\Project\\amazon-clone\\functions\\node_modules\\firebase-functions\\lib\\index.js"} {"metadata":{"emulator":{"name":"functions"},"function":{"name":"us-central1-api"},"extension":{},"message":"[runtime-status] [7700] Resolved module firebase-functions {\"declared\":true,\"installed\":true,\"version\":\"3.21.2\",\"resolution\":\"D:\\\\React\\\\Project\\\\amazon-clone\\\\functions\\\\node_modules\\\\firebase-functions\\\\lib\\\\index.js\"}"}}
[debug] [2022-06-19T08:36:01.022Z] [runtime-status] [632] Checked functions.config() {"config":{}} {"metadata":{"emulator":{"name":"functions"},"function":{"name":"us-central1-api"},"extension":{},"message":"[runtime-status] [632] Checked functions.config() {\"config\":{}}"}}
[debug] [2022-06-19T08:36:01.023Z] [runtime-status] [632] firebase-functions has been stubbed. {"functionsResolution":{"declared":true,"installed":true,"version":"3.21.2","resolution":"D:\\React\\Project\\amazon-clone\\functions\\node_modules\\firebase-functions\\lib\\index.js"}} {"metadata":{"emulator":{"name":"functions"},"function":{"name":"us-central1-api"},"extension":{},"message":"[runtime-status] [632] firebase-functions has been stubbed. {\"functionsResolution\":{\"declared\":true,\"installed\":true,\"version\":\"3.21.2\",\"resolution\":\"D:\\\\React\\\\Project\\\\amazon-clone\\\\functions\\\\node_modules\\\\firebase-functions\\\\lib\\\\index.js\"}}"}}
[debug] [2022-06-19T08:36:01.024Z] [runtime-status] [7700] Checked functions.config() {"config":{}} {"metadata":{"emulator":{"name":"functions"},"function":{"name":"us-central1-api"},"extension":{},"message":"[runtime-status] [7700] Checked functions.config() {\"config\":{}}"}}
[debug] [2022-06-19T08:36:01.025Z] [runtime-status] [7700] firebase-functions has been stubbed. {"functionsResolution":{"declared":true,"installed":true,"version":"3.21.2","resolution":"D:\\React\\Project\\amazon-clone\\functions\\node_modules\\firebase-functions\\lib\\index.js"}} {"metadata":{"emulator":{"name":"functions"},"function":{"name":"us-central1-api"},"extension":{},"message":"[runtime-status] [7700] firebase-functions has been stubbed. {\"functionsResolution\":{\"declared\":true,\"installed\":true,\"version\":\"3.21.2\",\"resolution\":\"D:\\\\React\\\\Project\\\\amazon-clone\\\\functions\\\\node_modules\\\\firebase-functions\\\\lib\\\\index.js\"}}"}}
[debug] [2022-06-19T08:36:01.026Z] [runtime-status] [632] Resolved module firebase-functions {"declared":true,"installed":true,"version":"3.21.2","resolution":"D:\\React\\Project\\amazon-clone\\functions\\node_modules\\firebase-functions\\lib\\index.js"} {"metadata":{"emulator":{"name":"functions"},"function":{"name":"us-central1-api"},"extension":{},"message":"[runtime-status] [632] Resolved module firebase-functions {\"declared\":true,\"installed\":true,\"version\":\"3.21.2\",\"resolution\":\"D:\\\\React\\\\Project\\\\amazon-clone\\\\functions\\\\node_modules\\\\firebase-functions\\\\lib\\\\index.js\"}"}}
[debug] [2022-06-19T08:36:01.026Z] [runtime-status] [7700] Resolved module firebase-functions {"declared":true,"installed":true,"version":"3.21.2","resolution":"D:\\React\\Project\\amazon-clone\\functions\\node_modules\\firebase-functions\\lib\\index.js"} {"metadata":{"emulator":{"name":"functions"},"function":{"name":"us-central1-api"},"extension":{},"message":"[runtime-status] [7700] Resolved module firebase-functions {\"declared\":true,\"installed\":true,\"version\":\"3.21.2\",\"resolution\":\"D:\\\\React\\\\Project\\\\amazon-clone\\\\functions\\\\node_modules\\\\firebase-functions\\\\lib\\\\index.js\"}"}}
[debug] [2022-06-19T08:36:01.029Z] [runtime-status] [7700] Resolved module firebase-admin {"declared":true,"installed":true,"version":"10.3.0","resolution":"D:\\React\\Project\\amazon-clone\\functions\\node_modules\\firebase-admin\\lib\\index.js"} {"metadata":{"emulator":{"name":"functions"},"function":{"name":"us-central1-api"},"extension":{},"message":"[runtime-status] [7700] Resolved module firebase-admin {\"declared\":true,\"installed\":true,\"version\":\"10.3.0\",\"resolution\":\"D:\\\\React\\\\Project\\\\amazon-clone\\\\functions\\\\node_modules\\\\firebase-admin\\\\lib\\\\index.js\"}"}}
[debug] [2022-06-19T08:36:01.029Z] [runtime-status] [632] Resolved module firebase-admin {"declared":true,"installed":true,"version":"10.3.0","resolution":"D:\\React\\Project\\amazon-clone\\functions\\node_modules\\firebase-admin\\lib\\index.js"} {"metadata":{"emulator":{"name":"functions"},"function":{"name":"us-central1-api"},"extension":{},"message":"[runtime-status] [632] Resolved module firebase-admin {\"declared\":true,\"installed\":true,\"version\":\"10.3.0\",\"resolution\":\"D:\\\\React\\\\Project\\\\amazon-clone\\\\functions\\\\node_modules\\\\firebase-admin\\\\lib\\\\index.js\"}"}}
[debug] [2022-06-19T08:36:01.030Z] [runtime-status] [7700] Resolved module firebase-functions {"declared":true,"installed":true,"version":"3.21.2","resolution":"D:\\React\\Project\\amazon-clone\\functions\\node_modules\\firebase-functions\\lib\\index.js"} {"metadata":{"emulator":{"name":"functions"},"function":{"name":"us-central1-api"},"extension":{},"message":"[runtime-status] [7700] Resolved module firebase-functions {\"declared\":true,\"installed\":true,\"version\":\"3.21.2\",\"resolution\":\"D:\\\\React\\\\Project\\\\amazon-clone\\\\functions\\\\node_modules\\\\firebase-functions\\\\lib\\\\index.js\"}"}}
[debug] [2022-06-19T08:36:01.031Z] [runtime-status] [632] Resolved module firebase-functions {"declared":true,"installed":true,"version":"3.21.2","resolution":"D:\\React\\Project\\amazon-clone\\functions\\node_modules\\firebase-functions\\lib\\index.js"} {"metadata":{"emulator":{"name":"functions"},"function":{"name":"us-central1-api"},"extension":{},"message":"[runtime-status] [632] Resolved module firebase-functions {\"declared\":true,\"installed\":true,\"version\":\"3.21.2\",\"resolution\":\"D:\\\\React\\\\Project\\\\amazon-clone\\\\functions\\\\node_modules\\\\firebase-functions\\\\lib\\\\index.js\"}"}}
[debug] [2022-06-19T08:36:01.031Z] [runtime-status] [7700] firebase-admin has been stubbed. {"adminResolution":{"declared":true,"installed":true,"version":"10.3.0","resolution":"D:\\React\\Project\\amazon-clone\\functions\\node_modules\\firebase-admin\\lib\\index.js"}} {"metadata":{"emulator":{"name":"functions"},"function":{"name":"us-central1-api"},"extension":{},"message":"[runtime-status] [7700] firebase-admin has been stubbed. {\"adminResolution\":{\"declared\":true,\"installed\":true,\"version\":\"10.3.0\",\"resolution\":\"D:\\\\React\\\\Project\\\\amazon-clone\\\\functions\\\\node_modules\\\\firebase-admin\\\\lib\\\\index.js\"}}"}}
[debug] [2022-06-19T08:36:01.032Z] [runtime-status] [632] firebase-admin has been stubbed. {"adminResolution":{"declared":true,"installed":true,"version":"10.3.0","resolution":"D:\\React\\Project\\amazon-clone\\functions\\node_modules\\firebase-admin\\lib\\index.js"}} {"metadata":{"emulator":{"name":"functions"},"function":{"name":"us-central1-api"},"extension":{},"message":"[runtime-status] [632] firebase-admin has been stubbed. {\"adminResolution\":{\"declared\":true,\"installed\":true,\"version\":\"10.3.0\",\"resolution\":\"D:\\\\React\\\\Project\\\\amazon-clone\\\\functions\\\\node_modules\\\\firebase-admin\\\\lib\\\\index.js\"}}"}}
[debug] [2022-06-19T08:36:01.407Z] [runtime-status] [632] Beginning invocation function api! {"metadata":{"emulator":{"name":"functions"},"function":{"name":"us-central1-api"},"extension":{},"message":"[runtime-status] [632] Beginning invocation function api!"}}
[info] i  functions: Beginning execution of "api" {"metadata":{"emulator":{"name":"functions"},"function":{"name":"us-central1-api"},"extension":{},"message":"Beginning execution of \"api\""}}
[debug] [2022-06-19T08:36:01.409Z] [runtime-status] [632] Running api in signature http {"metadata":{"emulator":{"name":"functions"},"function":{"name":"us-central1-api"},"extension":{},"message":"[runtime-status] [632] Running api in signature http"}}
[debug] [2022-06-19T08:36:01.410Z] [runtime-status] [7700] Beginning invocation function api! {"metadata":{"emulator":{"name":"functions"},"function":{"name":"us-central1-api"},"extension":{},"message":"[runtime-status] [7700] Beginning invocation function api!"}}
[info] i  functions: Beginning execution of "api" {"metadata":{"emulator":{"name":"functions"},"function":{"name":"us-central1-api"},"extension":{},"message":"Beginning execution of \"api\""}}
[debug] [2022-06-19T08:36:01.411Z] [runtime-status] [7700] Running api in signature http {"metadata":{"emulator":{"name":"functions"},"function":{"name":"us-central1-api"},"extension":{},"message":"[runtime-status] [7700] Running api in signature http"}}
[debug] [2022-06-19T08:36:01.418Z] [runtime-status] [632] Attempting to listen to socketPath: \\?\pipe\D:\React\Project\amazon-clone\functions\632 {"metadata":{"emulator":{"name":"functions"},"function":{"name":"us-central1-api"},"extension":{},"message":"[runtime-status] [632] Attempting to listen to socketPath: \\\\?\\pipe\\D:\\React\\Project\\amazon-clone\\functions\\632"}}
[debug] [2022-06-19T08:36:01.418Z] [runtime-status] [7700] Attempting to listen to socketPath: \\?\pipe\D:\React\Project\amazon-clone\functions\7700 {"metadata":{"emulator":{"name":"functions"},"function":{"name":"us-central1-api"},"extension":{},"message":"[runtime-status] [7700] Attempting to listen to socketPath: \\\\?\\pipe\\D:\\React\\Project\\amazon-clone\\functions\\7700"}}
[debug] [2022-06-19T08:36:01.427Z] [functions] Runtime ready! Sending request! {"metadata":{"emulator":{"name":"functions"},"message":"[functions] Runtime ready! Sending request!"}}
[debug] [2022-06-19T08:36:01.429Z] [functions] Got req.url=/clone-1373d/us-central1/api/payments/create?total=2945, mapping to path=/payments/create?total=2945 {"metadata":{"emulator":{"name":"functions"},"message":"[functions] Got req.url=/clone-1373d/us-central1/api/payments/create?total=2945, mapping to path=/payments/create?total=2945"}}
[debug] [2022-06-19T08:36:01.434Z] [functions] Runtime ready! Sending request! {"metadata":{"emulator":{"name":"functions"},"message":"[functions] Runtime ready! Sending request!"}}
[debug] [2022-06-19T08:36:01.434Z] [functions] Got req.url=/clone-1373d/us-central1/api/payments/create?total=2945, mapping to path=/payments/create?total=2945 {"metadata":{"emulator":{"name":"functions"},"message":"[functions] Got req.url=/clone-1373d/us-central1/api/payments/create?total=2945, mapping to path=/payments/create?total=2945"}}
[debug] [2022-06-19T08:36:01.441Z] [runtime-status] [632] Ephemeral server handling POST request {"metadata":{"emulator":{"name":"functions"},"function":{"name":"us-central1-api"},"extension":{},"message":"[runtime-status] [632] Ephemeral server handling POST request"}}
[debug] [2022-06-19T08:36:01.445Z] [runtime-status] [7700] Ephemeral server handling POST request {"metadata":{"emulator":{"name":"functions"},"function":{"name":"us-central1-api"},"extension":{},"message":"[runtime-status] [7700] Ephemeral server handling POST request"}}
[info] >  total amount 2945 {"user":"total amount 2945","metadata":{"emulator":{"name":"functions"},"function":{"name":"us-central1-api"},"extension":{},"message":"\u001b[90m> \u001b[39m total amount 2945"}}
[info] >  total amount 2945 {"user":"total amount 2945","metadata":{"emulator":{"name":"functions"},"function":{"name":"us-central1-api"},"extension":{},"message":"\u001b[90m> \u001b[39m total amount 2945"}}
[debug] [2022-06-19T08:36:01.463Z] [runtime-status] [632] Ephemeral server survived. {"metadata":{"emulator":{"name":"functions"},"function":{"name":"us-central1-api"},"extension":{},"message":"[runtime-status] [632] Ephemeral server survived."}}
[debug] [2022-06-19T08:36:01.473Z] [runtime-status] [7700] Ephemeral server survived. {"metadata":{"emulator":{"name":"functions"},"function":{"name":"us-central1-api"},"extension":{},"message":"[runtime-status] [7700] Ephemeral server survived."}}
[info] i  functions: Finished "api" in ~1s {"metadata":{"emulator":{"name":"functions"},"function":{"name":"us-central1-api"},"extension":{},"message":"Finished \"api\" in ~1s"}}
[debug] [2022-06-19T08:36:02.142Z] [worker-us-central1-api-227a846f-5ec3-42b4-bdc9-19ec5b945064]: IDLE {"metadata":{"emulator":{"name":"functions"},"message":"[worker-us-central1-api-227a846f-5ec3-42b4-bdc9-19ec5b945064]: IDLE"}}
[debug] [2022-06-19T08:36:02.143Z] [work-queue] {"queueLength":0,"workRunningCount":1}
[info] i  functions: Finished "api" in ~1s {"metadata":{"emulator":{"name":"functions"},"function":{"name":"us-central1-api"},"extension":{},"message":"Finished \"api\" in ~1s"}}
[debug] [2022-06-19T08:36:02.169Z] [worker-us-central1-api-23d94b33-3671-4982-a6df-0578bb175bb2]: IDLE {"metadata":{"emulator":{"name":"functions"},"message":"[worker-us-central1-api-23d94b33-3671-4982-a6df-0578bb175bb2]: IDLE"}}
[debug] [2022-06-19T08:36:02.170Z] [work-queue] {"queueLength":0,"workRunningCount":0}
[debug] [2022-06-19T12:50:48.197Z] [work-queue] {"queueLength":1,"workRunningCount":0}
[debug] [2022-06-19T12:50:48.197Z] [work-queue] {"queueLength":0,"workRunningCount":1}
[debug] [2022-06-19T12:50:48.198Z] Accepted request POST /clone-1373d/us-central1/api/payments/create?total=2945 --> us-central1-api
[debug] [2022-06-19T12:50:48.198Z] [worker-pool] submitWork(triggerId=us-central1-api) {"metadata":{"emulator":{"name":"functions"},"message":"[worker-pool] submitWork(triggerId=us-central1-api)"}}
[debug] [2022-06-19T12:50:48.198Z] [worker-us-central1-api-23d94b33-3671-4982-a6df-0578bb175bb2]: Assigning socketPath: \\?\pipe\D:\React\Project\amazon-clone\functions\632 {"metadata":{"emulator":{"name":"functions"},"message":"[worker-us-central1-api-23d94b33-3671-4982-a6df-0578bb175bb2]: Assigning socketPath: \\\\?\\pipe\\D:\\React\\Project\\amazon-clone\\functions\\632"}}
[debug] [2022-06-19T12:50:48.198Z] [worker-us-central1-api-23d94b33-3671-4982-a6df-0578bb175bb2]: BUSY {"metadata":{"emulator":{"name":"functions"},"message":"[worker-us-central1-api-23d94b33-3671-4982-a6df-0578bb175bb2]: BUSY"}}
[debug] [2022-06-19T12:50:48.199Z] [runtime-status] [632] Beginning invocation function api! {"metadata":{"emulator":{"name":"functions"},"function":{"name":"us-central1-api"},"extension":{},"message":"[runtime-status] [632] Beginning invocation function api!"}}
[info] i  functions: Beginning execution of "api" {"metadata":{"emulator":{"name":"functions"},"function":{"name":"us-central1-api"},"extension":{},"message":"Beginning execution of \"api\""}}
[debug] [2022-06-19T12:50:48.202Z] [runtime-status] [632] Running api in signature http {"metadata":{"emulator":{"name":"functions"},"function":{"name":"us-central1-api"},"extension":{},"message":"[runtime-status] [632] Running api in signature http"}}
[debug] [2022-06-19T12:50:48.203Z] [runtime-status] [632] Attempting to listen to socketPath: \\?\pipe\D:\React\Project\amazon-clone\functions\632 {"metadata":{"emulator":{"name":"functions"},"function":{"name":"us-central1-api"},"extension":{},"message":"[runtime-status] [632] Attempting to listen to socketPath: \\\\?\\pipe\\D:\\React\\Project\\amazon-clone\\functions\\632"}}
[debug] [2022-06-19T12:50:48.208Z] [functions] Runtime ready! Sending request! {"metadata":{"emulator":{"name":"functions"},"message":"[functions] Runtime ready! Sending request!"}}
[debug] [2022-06-19T12:50:48.209Z] [functions] Got req.url=/clone-1373d/us-central1/api/payments/create?total=2945, mapping to path=/payments/create?total=2945 {"metadata":{"emulator":{"name":"functions"},"message":"[functions] Got req.url=/clone-1373d/us-central1/api/payments/create?total=2945, mapping to path=/payments/create?total=2945"}}
[debug] [2022-06-19T12:50:48.213Z] [work-queue] {"queueLength":1,"workRunningCount":1}
[debug] [2022-06-19T12:50:48.213Z] [work-queue] {"queueLength":0,"workRunningCount":2}
[debug] [2022-06-19T12:50:48.213Z] Accepted request POST /clone-1373d/us-central1/api/payments/create?total=2945 --> us-central1-api
[debug] [2022-06-19T12:50:48.214Z] [worker-pool] submitWork(triggerId=us-central1-api) {"metadata":{"emulator":{"name":"functions"},"message":"[worker-pool] submitWork(triggerId=us-central1-api)"}}
[debug] [2022-06-19T12:50:48.214Z] [worker-us-central1-api-227a846f-5ec3-42b4-bdc9-19ec5b945064]: Assigning socketPath: \\?\pipe\D:\React\Project\amazon-clone\functions\7700 {"metadata":{"emulator":{"name":"functions"},"message":"[worker-us-central1-api-227a846f-5ec3-42b4-bdc9-19ec5b945064]: Assigning socketPath: \\\\?\\pipe\\D:\\React\\Project\\amazon-clone\\functions\\7700"}}
[debug] [2022-06-19T12:50:48.214Z] [worker-us-central1-api-227a846f-5ec3-42b4-bdc9-19ec5b945064]: BUSY {"metadata":{"emulator":{"name":"functions"},"message":"[worker-us-central1-api-227a846f-5ec3-42b4-bdc9-19ec5b945064]: BUSY"}}
[debug] [2022-06-19T12:50:48.216Z] [runtime-status] [632] Ephemeral server handling POST request {"metadata":{"emulator":{"name":"functions"},"function":{"name":"us-central1-api"},"extension":{},"message":"[runtime-status] [632] Ephemeral server handling POST request"}}
[debug] [2022-06-19T12:50:48.216Z] [runtime-status] [7700] Beginning invocation function api! {"metadata":{"emulator":{"name":"functions"},"function":{"name":"us-central1-api"},"extension":{},"message":"[runtime-status] [7700] Beginning invocation function api!"}}
[info] i  functions: Beginning execution of "api" {"metadata":{"emulator":{"name":"functions"},"function":{"name":"us-central1-api"},"extension":{},"message":"Beginning execution of \"api\""}}
[debug] [2022-06-19T12:50:48.218Z] [runtime-status] [7700] Running api in signature http {"metadata":{"emulator":{"name":"functions"},"function":{"name":"us-central1-api"},"extension":{},"message":"[runtime-status] [7700] Running api in signature http"}}
[info] >  total amount 2945 {"user":"total amount 2945","metadata":{"emulator":{"name":"functions"},"function":{"name":"us-central1-api"},"extension":{},"message":"\u001b[90m> \u001b[39m total amount 2945"}}
[debug] [2022-06-19T12:50:48.220Z] [runtime-status] [7700] Attempting to listen to socketPath: \\?\pipe\D:\React\Project\amazon-clone\functions\7700 {"metadata":{"emulator":{"name":"functions"},"function":{"name":"us-central1-api"},"extension":{},"message":"[runtime-status] [7700] Attempting to listen to socketPath: \\\\?\\pipe\\D:\\React\\Project\\amazon-clone\\functions\\7700"}}
[debug] [2022-06-19T12:50:48.225Z] [functions] Runtime ready! Sending request! {"metadata":{"emulator":{"name":"functions"},"message":"[functions] Runtime ready! Sending request!"}}
[debug] [2022-06-19T12:50:48.225Z] [functions] Got req.url=/clone-1373d/us-central1/api/payments/create?total=2945, mapping to path=/payments/create?total=2945 {"metadata":{"emulator":{"name":"functions"},"message":"[functions] Got req.url=/clone-1373d/us-central1/api/payments/create?total=2945, mapping to path=/payments/create?total=2945"}}
[debug] [2022-06-19T12:50:48.227Z] [runtime-status] [632] Ephemeral server survived. {"metadata":{"emulator":{"name":"functions"},"function":{"name":"us-central1-api"},"extension":{},"message":"[runtime-status] [632] Ephemeral server survived."}}
[debug] [2022-06-19T12:50:48.230Z] [runtime-status] [7700] Ephemeral server handling POST request {"metadata":{"emulator":{"name":"functions"},"function":{"name":"us-central1-api"},"extension":{},"message":"[runtime-status] [7700] Ephemeral server handling POST request"}}
[info] >  total amount 2945 {"user":"total amount 2945","metadata":{"emulator":{"name":"functions"},"function":{"name":"us-central1-api"},"extension":{},"message":"\u001b[90m> \u001b[39m total amount 2945"}}
[debug] [2022-06-19T12:50:48.236Z] [runtime-status] [7700] Ephemeral server survived. {"metadata":{"emulator":{"name":"functions"},"function":{"name":"us-central1-api"},"extension":{},"message":"[runtime-status] [7700] Ephemeral server survived."}}
[info] i  functions: Finished "api" in ~1s {"metadata":{"emulator":{"name":"functions"},"function":{"name":"us-central1-api"},"extension":{},"message":"Finished \"api\" in ~1s"}}
[debug] [2022-06-19T12:50:48.927Z] [worker-us-central1-api-23d94b33-3671-4982-a6df-0578bb175bb2]: IDLE {"metadata":{"emulator":{"name":"functions"},"message":"[worker-us-central1-api-23d94b33-3671-4982-a6df-0578bb175bb2]: IDLE"}}
[debug] [2022-06-19T12:50:48.929Z] [work-queue] {"queueLength":0,"workRunningCount":1}
[info] i  functions: Finished "api" in ~1s {"metadata":{"emulator":{"name":"functions"},"function":{"name":"us-central1-api"},"extension":{},"message":"Finished \"api\" in ~1s"}}
[debug] [2022-06-19T12:50:48.933Z] [worker-us-central1-api-227a846f-5ec3-42b4-bdc9-19ec5b945064]: IDLE {"metadata":{"emulator":{"name":"functions"},"message":"[worker-us-central1-api-227a846f-5ec3-42b4-bdc9-19ec5b945064]: IDLE"}}
[debug] [2022-06-19T12:50:48.934Z] [work-queue] {"queueLength":0,"workRunningCount":0}
[debug] [2022-06-19T12:51:27.506Z] [work-queue] {"queueLength":1,"workRunningCount":0}
[debug] [2022-06-19T12:51:27.506Z] [work-queue] {"queueLength":0,"workRunningCount":1}
[debug] [2022-06-19T12:51:27.507Z] Accepted request POST /clone-1373d/us-central1/api/payments/create?total=8835 --> us-central1-api
[debug] [2022-06-19T12:51:27.508Z] [worker-pool] submitWork(triggerId=us-central1-api) {"metadata":{"emulator":{"name":"functions"},"message":"[worker-pool] submitWork(triggerId=us-central1-api)"}}
[debug] [2022-06-19T12:51:27.508Z] [worker-us-central1-api-23d94b33-3671-4982-a6df-0578bb175bb2]: Assigning socketPath: \\?\pipe\D:\React\Project\amazon-clone\functions\632 {"metadata":{"emulator":{"name":"functions"},"message":"[worker-us-central1-api-23d94b33-3671-4982-a6df-0578bb175bb2]: Assigning socketPath: \\\\?\\pipe\\D:\\React\\Project\\amazon-clone\\functions\\632"}}
[debug] [2022-06-19T12:51:27.509Z] [worker-us-central1-api-23d94b33-3671-4982-a6df-0578bb175bb2]: BUSY {"metadata":{"emulator":{"name":"functions"},"message":"[worker-us-central1-api-23d94b33-3671-4982-a6df-0578bb175bb2]: BUSY"}}
[debug] [2022-06-19T12:51:27.509Z] [runtime-status] [632] Beginning invocation function api! {"metadata":{"emulator":{"name":"functions"},"function":{"name":"us-central1-api"},"extension":{},"message":"[runtime-status] [632] Beginning invocation function api!"}}
[info] i  functions: Beginning execution of "api" {"metadata":{"emulator":{"name":"functions"},"function":{"name":"us-central1-api"},"extension":{},"message":"Beginning execution of \"api\""}}
[debug] [2022-06-19T12:51:27.513Z] [runtime-status] [632] Running api in signature http {"metadata":{"emulator":{"name":"functions"},"function":{"name":"us-central1-api"},"extension":{},"message":"[runtime-status] [632] Running api in signature http"}}
[debug] [2022-06-19T12:51:27.514Z] [runtime-status] [632] Attempting to listen to socketPath: \\?\pipe\D:\React\Project\amazon-clone\functions\632 {"metadata":{"emulator":{"name":"functions"},"function":{"name":"us-central1-api"},"extension":{},"message":"[runtime-status] [632] Attempting to listen to socketPath: \\\\?\\pipe\\D:\\React\\Project\\amazon-clone\\functions\\632"}}
[debug] [2022-06-19T12:51:27.519Z] [functions] Runtime ready! Sending request! {"metadata":{"emulator":{"name":"functions"},"message":"[functions] Runtime ready! Sending request!"}}
[debug] [2022-06-19T12:51:27.519Z] [functions] Got req.url=/clone-1373d/us-central1/api/payments/create?total=8835, mapping to path=/payments/create?total=8835 {"metadata":{"emulator":{"name":"functions"},"message":"[functions] Got req.url=/clone-1373d/us-central1/api/payments/create?total=8835, mapping to path=/payments/create?total=8835"}}
[debug] [2022-06-19T12:51:27.524Z] [runtime-status] [632] Ephemeral server handling POST request {"metadata":{"emulator":{"name":"functions"},"function":{"name":"us-central1-api"},"extension":{},"message":"[runtime-status] [632] Ephemeral server handling POST request"}}
[info] >  total amount 8835 {"user":"total amount 8835","metadata":{"emulator":{"name":"functions"},"function":{"name":"us-central1-api"},"extension":{},"message":"\u001b[90m> \u001b[39m total amount 8835"}}
[debug] [2022-06-19T12:51:27.527Z] [runtime-status] [632] Ephemeral server survived. {"metadata":{"emulator":{"name":"functions"},"function":{"name":"us-central1-api"},"extension":{},"message":"[runtime-status] [632] Ephemeral server survived."}}
[debug] [2022-06-19T12:51:27.814Z] [work-queue] {"queueLength":1,"workRunningCount":1}
[debug] [2022-06-19T12:51:27.815Z] [work-queue] {"queueLength":0,"workRunningCount":2}
[debug] [2022-06-19T12:51:27.815Z] Accepted request POST /clone-1373d/us-central1/api/payments/create?total=8835 --> us-central1-api
[debug] [2022-06-19T12:51:27.815Z] [worker-pool] submitWork(triggerId=us-central1-api) {"metadata":{"emulator":{"name":"functions"},"message":"[worker-pool] submitWork(triggerId=us-central1-api)"}}
[debug] [2022-06-19T12:51:27.816Z] [worker-us-central1-api-227a846f-5ec3-42b4-bdc9-19ec5b945064]: Assigning socketPath: \\?\pipe\D:\React\Project\amazon-clone\functions\7700 {"metadata":{"emulator":{"name":"functions"},"message":"[worker-us-central1-api-227a846f-5ec3-42b4-bdc9-19ec5b945064]: Assigning socketPath: \\\\?\\pipe\\D:\\React\\Project\\amazon-clone\\functions\\7700"}}
[debug] [2022-06-19T12:51:27.816Z] [worker-us-central1-api-227a846f-5ec3-42b4-bdc9-19ec5b945064]: BUSY {"metadata":{"emulator":{"name":"functions"},"message":"[worker-us-central1-api-227a846f-5ec3-42b4-bdc9-19ec5b945064]: BUSY"}}
[debug] [2022-06-19T12:51:27.817Z] [runtime-status] [7700] Beginning invocation function api! {"metadata":{"emulator":{"name":"functions"},"function":{"name":"us-central1-api"},"extension":{},"message":"[runtime-status] [7700] Beginning invocation function api!"}}
[info] i  functions: Beginning execution of "api" {"metadata":{"emulator":{"name":"functions"},"function":{"name":"us-central1-api"},"extension":{},"message":"Beginning execution of \"api\""}}
[debug] [2022-06-19T12:51:27.819Z] [runtime-status] [7700] Running api in signature http {"metadata":{"emulator":{"name":"functions"},"function":{"name":"us-central1-api"},"extension":{},"message":"[runtime-status] [7700] Running api in signature http"}}
[debug] [2022-06-19T12:51:27.819Z] [runtime-status] [7700] Attempting to listen to socketPath: \\?\pipe\D:\React\Project\amazon-clone\functions\7700 {"metadata":{"emulator":{"name":"functions"},"function":{"name":"us-central1-api"},"extension":{},"message":"[runtime-status] [7700] Attempting to listen to socketPath: \\\\?\\pipe\\D:\\React\\Project\\amazon-clone\\functions\\7700"}}
[debug] [2022-06-19T12:51:27.822Z] [functions] Runtime ready! Sending request! {"metadata":{"emulator":{"name":"functions"},"message":"[functions] Runtime ready! Sending request!"}}
[debug] [2022-06-19T12:51:27.823Z] [functions] Got req.url=/clone-1373d/us-central1/api/payments/create?total=8835, mapping to path=/payments/create?total=8835 {"metadata":{"emulator":{"name":"functions"},"message":"[functions] Got req.url=/clone-1373d/us-central1/api/payments/create?total=8835, mapping to path=/payments/create?total=8835"}}
[debug] [2022-06-19T12:51:27.826Z] [runtime-status] [7700] Ephemeral server handling POST request {"metadata":{"emulator":{"name":"functions"},"function":{"name":"us-central1-api"},"extension":{},"message":"[runtime-status] [7700] Ephemeral server handling POST request"}}
[info] >  total amount 8835 {"user":"total amount 8835","metadata":{"emulator":{"name":"functions"},"function":{"name":"us-central1-api"},"extension":{},"message":"\u001b[90m> \u001b[39m total amount 8835"}}
[debug] [2022-06-19T12:51:27.829Z] [runtime-status] [7700] Ephemeral server survived. {"metadata":{"emulator":{"name":"functions"},"function":{"name":"us-central1-api"},"extension":{},"message":"[runtime-status] [7700] Ephemeral server survived."}}
[info] i  functions: Finished "api" in ~1s {"metadata":{"emulator":{"name":"functions"},"function":{"name":"us-central1-api"},"extension":{},"message":"Finished \"api\" in ~1s"}}
[debug] [2022-06-19T12:51:27.946Z] [worker-us-central1-api-23d94b33-3671-4982-a6df-0578bb175bb2]: IDLE {"metadata":{"emulator":{"name":"functions"},"message":"[worker-us-central1-api-23d94b33-3671-4982-a6df-0578bb175bb2]: IDLE"}}
[debug] [2022-06-19T12:51:27.950Z] [work-queue] {"queueLength":0,"workRunningCount":1}
[info] i  functions: Finished "api" in ~1s {"metadata":{"emulator":{"name":"functions"},"function":{"name":"us-central1-api"},"extension":{},"message":"Finished \"api\" in ~1s"}}
[debug] [2022-06-19T12:51:28.370Z] [worker-us-central1-api-227a846f-5ec3-42b4-bdc9-19ec5b945064]: IDLE {"metadata":{"emulator":{"name":"functions"},"message":"[worker-us-central1-api-227a846f-5ec3-42b4-bdc9-19ec5b945064]: IDLE"}}
[debug] [2022-06-19T12:51:28.370Z] [work-queue] {"queueLength":0,"workRunningCount":0}
[debug] [2022-06-19T13:33:26.651Z] [work-queue] {"queueLength":1,"workRunningCount":0}
[debug] [2022-06-19T13:33:26.651Z] [work-queue] {"queueLength":0,"workRunningCount":1}
[debug] [2022-06-19T13:33:26.652Z] Accepted request POST /clone-1373d/us-central1/api/payments/create?total=5890 --> us-central1-api
[debug] [2022-06-19T13:33:26.652Z] [worker-pool] submitWork(triggerId=us-central1-api) {"metadata":{"emulator":{"name":"functions"},"message":"[worker-pool] submitWork(triggerId=us-central1-api)"}}
[debug] [2022-06-19T13:33:26.653Z] [worker-us-central1-api-23d94b33-3671-4982-a6df-0578bb175bb2]: Assigning socketPath: \\?\pipe\D:\React\Project\amazon-clone\functions\632 {"metadata":{"emulator":{"name":"functions"},"message":"[worker-us-central1-api-23d94b33-3671-4982-a6df-0578bb175bb2]: Assigning socketPath: \\\\?\\pipe\\D:\\React\\Project\\amazon-clone\\functions\\632"}}
[debug] [2022-06-19T13:33:26.653Z] [worker-us-central1-api-23d94b33-3671-4982-a6df-0578bb175bb2]: BUSY {"metadata":{"emulator":{"name":"functions"},"message":"[worker-us-central1-api-23d94b33-3671-4982-a6df-0578bb175bb2]: BUSY"}}
[debug] [2022-06-19T13:33:26.654Z] [work-queue] {"queueLength":1,"workRunningCount":1}
[debug] [2022-06-19T13:33:26.654Z] [work-queue] {"queueLength":0,"workRunningCount":2}
[debug] [2022-06-19T13:33:26.655Z] Accepted request POST /clone-1373d/us-central1/api/payments/create?total=5890 --> us-central1-api
[debug] [2022-06-19T13:33:26.655Z] [worker-pool] submitWork(triggerId=us-central1-api) {"metadata":{"emulator":{"name":"functions"},"message":"[worker-pool] submitWork(triggerId=us-central1-api)"}}
[debug] [2022-06-19T13:33:26.655Z] [worker-us-central1-api-227a846f-5ec3-42b4-bdc9-19ec5b945064]: Assigning socketPath: \\?\pipe\D:\React\Project\amazon-clone\functions\7700 {"metadata":{"emulator":{"name":"functions"},"message":"[worker-us-central1-api-227a846f-5ec3-42b4-bdc9-19ec5b945064]: Assigning socketPath: \\\\?\\pipe\\D:\\React\\Project\\amazon-clone\\functions\\7700"}}
[debug] [2022-06-19T13:33:26.655Z] [worker-us-central1-api-227a846f-5ec3-42b4-bdc9-19ec5b945064]: BUSY {"metadata":{"emulator":{"name":"functions"},"message":"[worker-us-central1-api-227a846f-5ec3-42b4-bdc9-19ec5b945064]: BUSY"}}
[debug] [2022-06-19T13:33:26.656Z] [runtime-status] [632] Beginning invocation function api! {"metadata":{"emulator":{"name":"functions"},"function":{"name":"us-central1-api"},"extension":{},"message":"[runtime-status] [632] Beginning invocation function api!"}}
[info] i  functions: Beginning execution of "api" {"metadata":{"emulator":{"name":"functions"},"function":{"name":"us-central1-api"},"extension":{},"message":"Beginning execution of \"api\""}}
[debug] [2022-06-19T13:33:26.658Z] [runtime-status] [632] Running api in signature http {"metadata":{"emulator":{"name":"functions"},"function":{"name":"us-central1-api"},"extension":{},"message":"[runtime-status] [632] Running api in signature http"}}
[debug] [2022-06-19T13:33:26.658Z] [runtime-status] [7700] Beginning invocation function api! {"metadata":{"emulator":{"name":"functions"},"function":{"name":"us-central1-api"},"extension":{},"message":"[runtime-status] [7700] Beginning invocation function api!"}}
[info] i  functions: Beginning execution of "api" {"metadata":{"emulator":{"name":"functions"},"function":{"name":"us-central1-api"},"extension":{},"message":"Beginning execution of \"api\""}}
[debug] [2022-06-19T13:33:26.660Z] [runtime-status] [7700] Running api in signature http {"metadata":{"emulator":{"name":"functions"},"function":{"name":"us-central1-api"},"extension":{},"message":"[runtime-status] [7700] Running api in signature http"}}
[debug] [2022-06-19T13:33:26.660Z] [runtime-status] [7700] Attempting to listen to socketPath: \\?\pipe\D:\React\Project\amazon-clone\functions\7700 {"metadata":{"emulator":{"name":"functions"},"function":{"name":"us-central1-api"},"extension":{},"message":"[runtime-status] [7700] Attempting to listen to socketPath: \\\\?\\pipe\\D:\\React\\Project\\amazon-clone\\functions\\7700"}}
[debug] [2022-06-19T13:33:26.661Z] [runtime-status] [632] Attempting to listen to socketPath: \\?\pipe\D:\React\Project\amazon-clone\functions\632 {"metadata":{"emulator":{"name":"functions"},"function":{"name":"us-central1-api"},"extension":{},"message":"[runtime-status] [632] Attempting to listen to socketPath: \\\\?\\pipe\\D:\\React\\Project\\amazon-clone\\functions\\632"}}
[debug] [2022-06-19T13:33:26.664Z] [functions] Runtime ready! Sending request! {"metadata":{"emulator":{"name":"functions"},"message":"[functions] Runtime ready! Sending request!"}}
[debug] [2022-06-19T13:33:26.665Z] [functions] Got req.url=/clone-1373d/us-central1/api/payments/create?total=5890, mapping to path=/payments/create?total=5890 {"metadata":{"emulator":{"name":"functions"},"message":"[functions] Got req.url=/clone-1373d/us-central1/api/payments/create?total=5890, mapping to path=/payments/create?total=5890"}}
[debug] [2022-06-19T13:33:26.669Z] [functions] Runtime ready! Sending request! {"metadata":{"emulator":{"name":"functions"},"message":"[functions] Runtime ready! Sending request!"}}
[debug] [2022-06-19T13:33:26.669Z] [functions] Got req.url=/clone-1373d/us-central1/api/payments/create?total=5890, mapping to path=/payments/create?total=5890 {"metadata":{"emulator":{"name":"functions"},"message":"[functions] Got req.url=/clone-1373d/us-central1/api/payments/create?total=5890, mapping to path=/payments/create?total=5890"}}
[debug] [2022-06-19T13:33:26.671Z] [runtime-status] [632] Ephemeral server handling POST request {"metadata":{"emulator":{"name":"functions"},"function":{"name":"us-central1-api"},"extension":{},"message":"[runtime-status] [632] Ephemeral server handling POST request"}}
[debug] [2022-06-19T13:33:26.671Z] [runtime-status] [632] Ephemeral server survived. {"metadata":{"emulator":{"name":"functions"},"function":{"name":"us-central1-api"},"extension":{},"message":"[runtime-status] [632] Ephemeral server survived."}}
[info] >  total amount 5890 {"user":"total amount 5890","metadata":{"emulator":{"name":"functions"},"function":{"name":"us-central1-api"},"extension":{},"message":"\u001b[90m> \u001b[39m total amount 5890"}}
[debug] [2022-06-19T13:33:26.673Z] [runtime-status] [7700] Ephemeral server handling POST request {"metadata":{"emulator":{"name":"functions"},"function":{"name":"us-central1-api"},"extension":{},"message":"[runtime-status] [7700] Ephemeral server handling POST request"}}
[info] >  total amount 5890 {"user":"total amount 5890","metadata":{"emulator":{"name":"functions"},"function":{"name":"us-central1-api"},"extension":{},"message":"\u001b[90m> \u001b[39m total amount 5890"}}
[debug] [2022-06-19T13:33:26.676Z] [runtime-status] [7700] Ephemeral server survived. {"metadata":{"emulator":{"name":"functions"},"function":{"name":"us-central1-api"},"extension":{},"message":"[runtime-status] [7700] Ephemeral server survived."}}
[info] i  functions: Finished "api" in ~1s {"metadata":{"emulator":{"name":"functions"},"function":{"name":"us-central1-api"},"extension":{},"message":"Finished \"api\" in ~1s"}}
[debug] [2022-06-19T13:33:27.493Z] [worker-us-central1-api-227a846f-5ec3-42b4-bdc9-19ec5b945064]: IDLE {"metadata":{"emulator":{"name":"functions"},"message":"[worker-us-central1-api-227a846f-5ec3-42b4-bdc9-19ec5b945064]: IDLE"}}
[debug] [2022-06-19T13:33:27.495Z] [work-queue] {"queueLength":0,"workRunningCount":1}
[info] i  functions: Finished "api" in ~1s {"metadata":{"emulator":{"name":"functions"},"function":{"name":"us-central1-api"},"extension":{},"message":"Finished \"api\" in ~1s"}}
[debug] [2022-06-19T13:33:27.616Z] [worker-us-central1-api-23d94b33-3671-4982-a6df-0578bb175bb2]: IDLE {"metadata":{"emulator":{"name":"functions"},"message":"[worker-us-central1-api-23d94b33-3671-4982-a6df-0578bb175bb2]: IDLE"}}
[debug] [2022-06-19T13:33:27.617Z] [work-queue] {"queueLength":0,"workRunningCount":0}
